TN:
SF:app.js
FN:24,(anonymous_0)
FNF:1
FNH:0
FNDA:0,(anonymous_0)
DA:10,0
DA:12,0
DA:17,0
DA:20,0
DA:22,0
DA:24,0
DA:25,0
DA:26,0
DA:28,0
DA:36,0
DA:39,0
DA:42,0
DA:43,0
DA:44,0
DA:46,0
LF:15
LH:0
BRDA:25,0,0,0
BRDA:25,0,1,0
BRF:2
BRH:0
end_of_record
TN:
SF:index.js
FN:6,(anonymous_0)
FNF:1
FNH:0
FNDA:0,(anonymous_0)
DA:6,0
DA:7,0
LF:2
LH:0
BRF:0
BRH:0
end_of_record
TN:
SF:controllers/auth_controller.js
FN:10,(anonymous_0)
FN:14,(anonymous_1)
FN:18,(anonymous_2)
FN:22,(anonymous_3)
FN:43,(anonymous_4)
FN:68,(anonymous_5)
FNF:6
FNH:0
FNDA:0,(anonymous_0)
FNDA:0,(anonymous_1)
FNDA:0,(anonymous_2)
FNDA:0,(anonymous_3)
FNDA:0,(anonymous_4)
FNDA:0,(anonymous_5)
DA:7,0
DA:8,0
DA:10,0
DA:11,0
DA:14,0
DA:15,0
DA:18,0
DA:19,0
DA:22,0
DA:23,0
DA:24,0
DA:25,0
DA:26,0
DA:28,0
DA:35,0
DA:37,0
DA:38,0
DA:43,0
DA:44,0
DA:45,0
DA:46,0
DA:47,0
DA:49,0
DA:55,0
DA:61,0
DA:68,0
DA:69,0
DA:71,0
LF:28
LH:0
BRF:0
BRH:0
end_of_record
TN:
SF:controllers/certificate_controller.js
FN:9,(anonymous_0)
FN:16,(anonymous_1)
FN:20,(anonymous_2)
FN:47,(anonymous_3)
FN:58,(anonymous_4)
FN:74,(anonymous_5)
FN:101,(anonymous_6)
FNF:7
FNH:0
FNDA:0,(anonymous_0)
FNDA:0,(anonymous_1)
FNDA:0,(anonymous_2)
FNDA:0,(anonymous_3)
FNDA:0,(anonymous_4)
FNDA:0,(anonymous_5)
FNDA:0,(anonymous_6)
DA:6,0
DA:9,0
DA:10,0
DA:11,0
DA:12,0
DA:16,0
DA:17,0
DA:20,0
DA:21,0
DA:22,0
DA:23,0
DA:24,0
DA:26,0
DA:34,0
DA:36,0
DA:37,0
DA:39,0
DA:41,0
DA:42,0
DA:47,0
DA:48,0
DA:50,0
DA:51,0
DA:54,0
DA:58,0
DA:59,0
DA:60,0
DA:61,0
DA:63,0
DA:64,0
DA:66,0
DA:68,0
DA:69,0
DA:74,0
DA:75,0
DA:76,0
DA:77,0
DA:79,0
DA:80,0
DA:82,0
DA:83,0
DA:86,0
DA:87,0
DA:88,0
DA:89,0
DA:91,0
DA:93,0
DA:95,0
DA:96,0
DA:101,0
DA:102,0
DA:103,0
DA:104,0
DA:106,0
DA:107,0
DA:109,0
DA:110,0
DA:112,0
DA:113,0
LF:59
LH:0
BRDA:30,0,0,0
BRDA:30,0,1,0
BRDA:50,1,0,0
BRDA:50,1,1,0
BRDA:61,2,0,0
BRDA:61,2,1,0
BRDA:63,3,0,0
BRDA:63,3,1,0
BRDA:77,4,0,0
BRDA:77,4,1,0
BRDA:79,5,0,0
BRDA:79,5,1,0
BRDA:82,6,0,0
BRDA:82,6,1,0
BRDA:89,7,0,0
BRDA:89,7,1,0
BRDA:104,8,0,0
BRDA:104,8,1,0
BRDA:106,9,0,0
BRDA:106,9,1,0
BRF:20
BRH:0
end_of_record
TN:
SF:controllers/routes.js
FN:8,(anonymous_0)
FN:12,(anonymous_1)
FN:16,(anonymous_2)
FN:20,(anonymous_3)
FNF:4
FNH:0
FNDA:0,(anonymous_0)
FNDA:0,(anonymous_1)
FNDA:0,(anonymous_2)
FNDA:0,(anonymous_3)
DA:5,0
DA:8,0
DA:9,0
DA:12,0
DA:13,0
DA:16,0
DA:17,0
DA:20,0
DA:21,0
LF:9
LH:0
BRF:0
BRH:0
end_of_record
TN:
SF:middlewares/auth_middleware.js
FN:6,(anonymous_0)
FN:13,(anonymous_1)
FN:24,(anonymous_2)
FN:31,(anonymous_3)
FNF:4
FNH:4
FNDA:4,(anonymous_0)
FNDA:3,(anonymous_1)
FNDA:4,(anonymous_2)
FNDA:3,(anonymous_3)
DA:6,1
DA:7,4
DA:10,4
DA:11,1
DA:13,3
DA:14,3
DA:16,2
DA:17,2
DA:19,2
DA:24,1
DA:25,4
DA:27,4
DA:28,1
DA:29,1
DA:31,3
DA:32,3
DA:33,1
DA:34,1
DA:36,2
DA:37,2
DA:38,2
LF:21
LH:21
BRDA:10,0,0,1
BRDA:10,0,1,3
BRDA:14,1,0,1
BRDA:14,1,1,2
BRDA:27,2,0,1
BRDA:27,2,1,3
BRDA:32,3,0,1
BRDA:32,3,1,2
BRDA:37,4,0,2
BRDA:37,4,1,1
BRF:10
BRH:10
end_of_record
TN:
SF:models/certificates.js
FN:28,(anonymous_0)
FN:39,(anonymous_1)
FNF:2
FNH:0
FNDA:0,(anonymous_0)
FNDA:0,(anonymous_1)
DA:3,0
DA:28,0
DA:29,0
DA:30,0
DA:38,0
DA:40,0
DA:41,0
DA:42,0
DA:46,0
LF:9
LH:0
BRDA:29,0,0,0
BRDA:29,0,1,0
BRF:2
BRH:0
end_of_record
TN:
SF:models/user.js
FN:36,(anonymous_0)
FN:43,(anonymous_1)
FN:56,(anonymous_2)
FNF:3
FNH:0
FNDA:0,(anonymous_0)
FNDA:0,(anonymous_1)
FNDA:0,(anonymous_2)
DA:6,0
DA:36,0
DA:37,0
DA:38,0
DA:39,0
DA:43,0
DA:44,0
DA:45,0
DA:46,0
DA:47,0
DA:48,0
DA:50,0
DA:52,0
DA:55,0
DA:57,0
DA:58,0
DA:59,0
DA:60,0
DA:64,0
LF:19
LH:0
BRDA:37,0,0,0
BRDA:37,0,1,0
BRDA:45,1,0,0
BRDA:45,1,1,0
BRDA:47,2,0,0
BRDA:47,2,1,0
BRF:6
BRH:0
end_of_record
