TN:
SF:app.js
FN:24,(anonymous_0)
FNF:1
FNH:1
FNDA:39,(anonymous_0)
DA:10,4
DA:12,4
DA:17,4
DA:20,4
DA:22,4
DA:24,4
DA:25,39
DA:26,27
DA:28,12
DA:36,4
DA:39,4
DA:42,4
DA:43,4
DA:44,4
DA:46,4
LF:15
LH:15
BRDA:25,0,0,27
BRDA:25,0,1,12
BRF:2
BRH:2
end_of_record
TN:
SF:index.js
FN:6,(anonymous_0)
FNF:1
FNH:0
FNDA:0,(anonymous_0)
DA:6,0
DA:7,0
LF:2
LH:0
BRF:0
BRH:0
end_of_record
TN:
SF:controllers/auth_controller.js
FN:10,(anonymous_0)
FN:14,(anonymous_1)
FN:18,(anonymous_2)
FN:22,(anonymous_3)
FN:43,(anonymous_4)
FN:68,(anonymous_5)
FNF:6
FNH:6
FNDA:6,(anonymous_0)
FNDA:1,(anonymous_1)
FNDA:1,(anonymous_2)
FNDA:4,(anonymous_3)
FNDA:5,(anonymous_4)
FNDA:2,(anonymous_5)
DA:7,4
DA:8,4
DA:10,4
DA:11,6
DA:14,4
DA:15,1
DA:18,4
DA:19,1
DA:22,4
DA:23,4
DA:24,4
DA:25,4
DA:26,3
DA:28,3
DA:35,3
DA:37,1
DA:38,1
DA:43,4
DA:44,5
DA:45,5
DA:46,5
DA:47,3
DA:49,3
DA:55,3
DA:61,2
DA:68,4
DA:69,2
DA:71,2
LF:28
LH:28
BRF:0
BRH:0
end_of_record
TN:
SF:controllers/certificate_controller.js
FN:9,(anonymous_0)
FN:16,(anonymous_1)
FN:20,(anonymous_2)
FN:47,(anonymous_3)
FN:58,(anonymous_4)
FN:74,(anonymous_5)
FN:101,(anonymous_6)
FNF:7
FNH:5
FNDA:2,(anonymous_0)
FNDA:1,(anonymous_1)
FNDA:0,(anonymous_2)
FNDA:3,(anonymous_3)
FNDA:0,(anonymous_4)
FNDA:3,(anonymous_5)
FNDA:3,(anonymous_6)
DA:6,4
DA:9,4
DA:10,2
DA:11,2
DA:12,2
DA:16,4
DA:17,1
DA:20,4
DA:21,0
DA:22,0
DA:23,0
DA:24,0
DA:26,0
DA:34,0
DA:36,0
DA:37,0
DA:39,0
DA:41,0
DA:42,0
DA:47,4
DA:48,3
DA:50,3
DA:51,1
DA:54,2
DA:58,4
DA:59,0
DA:60,0
DA:61,0
DA:63,0
DA:64,0
DA:66,0
DA:68,0
DA:69,0
DA:74,4
DA:75,3
DA:76,3
DA:77,3
DA:79,2
DA:80,1
DA:82,1
DA:83,1
DA:86,0
DA:87,0
DA:88,0
DA:89,0
DA:91,0
DA:93,0
DA:95,0
DA:96,0
DA:101,4
DA:102,3
DA:103,3
DA:104,3
DA:106,2
DA:107,1
DA:109,1
DA:110,1
DA:112,0
DA:113,0
LF:59
LH:30
BRDA:30,0,0,0
BRDA:30,0,1,0
BRDA:50,1,0,1
BRDA:50,1,1,2
BRDA:61,2,0,0
BRDA:61,2,1,0
BRDA:63,3,0,0
BRDA:63,3,1,0
BRDA:77,4,0,1
BRDA:77,4,1,2
BRDA:79,5,0,1
BRDA:79,5,1,1
BRDA:82,6,0,1
BRDA:82,6,1,0
BRDA:89,7,0,0
BRDA:89,7,1,0
BRDA:104,8,0,1
BRDA:104,8,1,2
BRDA:106,9,0,1
BRDA:106,9,1,1
BRF:20
BRH:11
end_of_record
TN:
SF:controllers/routes.js
FN:8,(anonymous_0)
FN:12,(anonymous_1)
FN:16,(anonymous_2)
FN:20,(anonymous_3)
FNF:4
FNH:4
FNDA:2,(anonymous_0)
FNDA:1,(anonymous_1)
FNDA:1,(anonymous_2)
FNDA:2,(anonymous_3)
DA:5,4
DA:8,4
DA:9,2
DA:12,4
DA:13,1
DA:16,4
DA:17,1
DA:20,4
DA:21,2
LF:9
LH:9
BRF:0
BRH:0
end_of_record
TN:
SF:middlewares/auth_middleware.js
FN:6,(anonymous_0)
FN:13,(anonymous_1)
FN:24,(anonymous_2)
FN:31,(anonymous_3)
FNF:4
FNH:4
FNDA:25,(anonymous_0)
FNDA:17,(anonymous_1)
FNDA:31,(anonymous_2)
FNDA:16,(anonymous_3)
DA:6,5
DA:7,25
DA:10,25
DA:11,8
DA:13,17
DA:14,17
DA:16,16
DA:17,16
DA:19,16
DA:24,5
DA:25,31
DA:27,31
DA:28,15
DA:29,15
DA:31,16
DA:32,16
DA:33,1
DA:34,1
DA:36,15
DA:37,15
DA:38,15
LF:21
LH:21
BRDA:10,0,0,8
BRDA:10,0,1,17
BRDA:14,1,0,1
BRDA:14,1,1,16
BRDA:27,2,0,15
BRDA:27,2,1,16
BRDA:32,3,0,1
BRDA:32,3,1,15
BRDA:37,4,0,15
BRDA:37,4,1,1
BRF:10
BRH:10
end_of_record
TN:
SF:models/certificates.js
FN:28,(anonymous_0)
FN:39,(anonymous_1)
FNF:2
FNH:0
FNDA:0,(anonymous_0)
FNDA:0,(anonymous_1)
DA:3,1
DA:28,1
DA:29,0
DA:30,0
DA:38,1
DA:40,0
DA:41,0
DA:42,0
DA:46,1
LF:9
LH:4
BRDA:29,0,0,0
BRDA:29,0,1,0
BRF:2
BRH:0
end_of_record
TN:
SF:models/user.js
FN:36,(anonymous_0)
FN:43,(anonymous_1)
FN:56,(anonymous_2)
FNF:3
FNH:0
FNDA:0,(anonymous_0)
FNDA:0,(anonymous_1)
FNDA:0,(anonymous_2)
DA:6,0
DA:36,0
DA:37,0
DA:38,0
DA:39,0
DA:43,0
DA:44,0
DA:45,0
DA:46,0
DA:47,0
DA:48,0
DA:50,0
DA:52,0
DA:55,0
DA:57,0
DA:58,0
DA:59,0
DA:60,0
DA:64,0
LF:19
LH:0
BRDA:37,0,0,0
BRDA:37,0,1,0
BRDA:45,1,0,0
BRDA:45,1,1,0
BRDA:47,2,0,0
BRDA:47,2,1,0
BRF:6
BRH:0
end_of_record
